nohup: ignoring input
INFO:     Started server process [252235]
INFO:     Waiting for application startup.
2026-01-03 06:53:14,431 INFO sqlalchemy.engine.Engine BEGIN (implicit)
2026-01-03 06:53:14,431 - INFO - BEGIN (implicit)
2026-01-03 06:53:14,431 INFO sqlalchemy.engine.Engine PRAGMA main.table_info("users")
2026-01-03 06:53:14,431 - INFO - PRAGMA main.table_info("users")
2026-01-03 06:53:14,431 INFO sqlalchemy.engine.Engine [raw sql] ()
2026-01-03 06:53:14,431 - INFO - [raw sql] ()
2026-01-03 06:53:14,433 INFO sqlalchemy.engine.Engine PRAGMA main.table_info("follows")
2026-01-03 06:53:14,433 - INFO - PRAGMA main.table_info("follows")
2026-01-03 06:53:14,433 INFO sqlalchemy.engine.Engine [raw sql] ()
2026-01-03 06:53:14,433 - INFO - [raw sql] ()
2026-01-03 06:53:14,434 INFO sqlalchemy.engine.Engine PRAGMA main.table_info("posts")
2026-01-03 06:53:14,434 - INFO - PRAGMA main.table_info("posts")
2026-01-03 06:53:14,434 INFO sqlalchemy.engine.Engine [raw sql] ()
2026-01-03 06:53:14,434 - INFO - [raw sql] ()
2026-01-03 06:53:14,435 INFO sqlalchemy.engine.Engine PRAGMA main.table_info("post_likes")
2026-01-03 06:53:14,435 - INFO - PRAGMA main.table_info("post_likes")
2026-01-03 06:53:14,435 INFO sqlalchemy.engine.Engine [raw sql] ()
2026-01-03 06:53:14,435 - INFO - [raw sql] ()
2026-01-03 06:53:14,435 INFO sqlalchemy.engine.Engine PRAGMA main.table_info("post_favorites")
2026-01-03 06:53:14,435 - INFO - PRAGMA main.table_info("post_favorites")
2026-01-03 06:53:14,435 INFO sqlalchemy.engine.Engine [raw sql] ()
2026-01-03 06:53:14,435 - INFO - [raw sql] ()
2026-01-03 06:53:14,436 INFO sqlalchemy.engine.Engine PRAGMA main.table_info("comments")
2026-01-03 06:53:14,436 - INFO - PRAGMA main.table_info("comments")
2026-01-03 06:53:14,436 INFO sqlalchemy.engine.Engine [raw sql] ()
2026-01-03 06:53:14,436 - INFO - [raw sql] ()
2026-01-03 06:53:14,437 INFO sqlalchemy.engine.Engine PRAGMA main.table_info("comment_likes")
2026-01-03 06:53:14,437 - INFO - PRAGMA main.table_info("comment_likes")
2026-01-03 06:53:14,437 INFO sqlalchemy.engine.Engine [raw sql] ()
2026-01-03 06:53:14,437 - INFO - [raw sql] ()
2026-01-03 06:53:14,437 INFO sqlalchemy.engine.Engine PRAGMA main.table_info("fortunes")
2026-01-03 06:53:14,437 - INFO - PRAGMA main.table_info("fortunes")
2026-01-03 06:53:14,437 INFO sqlalchemy.engine.Engine [raw sql] ()
2026-01-03 06:53:14,437 - INFO - [raw sql] ()
2026-01-03 06:53:14,438 INFO sqlalchemy.engine.Engine PRAGMA main.table_info("developers")
2026-01-03 06:53:14,438 - INFO - PRAGMA main.table_info("developers")
2026-01-03 06:53:14,438 INFO sqlalchemy.engine.Engine [raw sql] ()
2026-01-03 06:53:14,438 - INFO - [raw sql] ()
2026-01-03 06:53:14,439 INFO sqlalchemy.engine.Engine PRAGMA main.table_info("user_fortunes")
2026-01-03 06:53:14,439 - INFO - PRAGMA main.table_info("user_fortunes")
2026-01-03 06:53:14,439 INFO sqlalchemy.engine.Engine [raw sql] ()
2026-01-03 06:53:14,439 - INFO - [raw sql] ()
2026-01-03 06:53:14,440 INFO sqlalchemy.engine.Engine COMMIT
2026-01-03 06:53:14,440 - INFO - COMMIT
INFO:     Application startup complete.
INFO:     Uvicorn running on http://0.0.0.0:3001 (Press CTRL+C to quit)
